e:\simple-openvr-driver-tutorial\openvr\samples\driver_sample\x64\release\vc141.pdb
e:\simple-openvr-driver-tutorial\openvr\samples\driver_sample\x64\release\serialport.obj
e:\simple-openvr-driver-tutorial\openvr\samples\driver_sample\x64\release\serialcomm.obj
e:\simple-openvr-driver-tutorial\openvr\samples\driver_sample\x64\release\driver_sample.obj
e:\simple-openvr-driver-tutorial\openvr\samples\driver_sample\x64\release\driverlog.obj
e:\simple-openvr-driver-tutorial\openvr\samples\bin\drivers\sample\bin\win64\driver_sample.lib
e:\simple-openvr-driver-tutorial\openvr\samples\bin\drivers\sample\bin\win64\driver_sample.exp
e:\simple-openvr-driver-tutorial\openvr\samples\bin\drivers\sample\bin\win64\driver_sample.ipdb
e:\simple-openvr-driver-tutorial\openvr\samples\bin\drivers\sample\bin\win64\driver_sample.iobj
e:\simple-openvr-driver-tutorial\openvr\samples\bin\drivers\sample\bin\win64\driver_sample.dll
e:\simple-openvr-driver-tutorial\openvr\samples\bin\drivers\sample\bin\win64\driver_sample.pdb
e:\simple-openvr-driver-tutorial\openvr\samples\\bin\drivers\sample\bin\win64\driver_sample.pdb
e:\simple-openvr-driver-tutorial\openvr\samples\\bin\drivers\sample\bin\win64\driver_sample.dll
e:\simple-openvr-driver-tutorial\openvr\samples\driver_sample\x64\release\driver_sample.tlog\cl.command.1.tlog
e:\simple-openvr-driver-tutorial\openvr\samples\driver_sample\x64\release\driver_sample.tlog\cl.read.1.tlog
e:\simple-openvr-driver-tutorial\openvr\samples\driver_sample\x64\release\driver_sample.tlog\cl.write.1.tlog
e:\simple-openvr-driver-tutorial\openvr\samples\driver_sample\x64\release\driver_sample.tlog\driver_sample.write.1u.tlog
e:\simple-openvr-driver-tutorial\openvr\samples\driver_sample\x64\release\driver_sample.tlog\link.command.1.tlog
e:\simple-openvr-driver-tutorial\openvr\samples\driver_sample\x64\release\driver_sample.tlog\link.read.1.tlog
e:\simple-openvr-driver-tutorial\openvr\samples\driver_sample\x64\release\driver_sample.tlog\link.write.1.tlog
